<?xml version="1.0" encoding="UTF-8"?>
<!-- Generated by org.testng.reporters.JUnitReportReporter -->
<testsuite hostname="LAPTOP-E36DAG2Q" name="pom.TestClassFlipKart" tests="1" failures="0" timestamp="6 Mar 2020 10:11:54 GMT" time="27.607" errors="0">
  <testcase name="login" time="27.607" classname="pom.TestClassFlipKart"/>
</testsuite> <!-- pom.TestClassFlipKart -->
