<?xml version="1.0" encoding="UTF-8"?>
<!-- Generated by org.testng.reporters.JUnitReportReporter -->
<testsuite hostname="LAPTOP-E36DAG2Q" name="pack2.Demo2" tests="2" failures="0" timestamp="24 Feb 2020 10:47:54 GMT" time="0.000" errors="0">
  <testcase name="test1" time="0.000" classname="pack2.Demo2"/>
  <testcase name="test2" time="0.000" classname="pack2.Demo2"/>
</testsuite> <!-- pack2.Demo2 -->
