<?xml version="1.0" encoding="UTF-8"?>
<!-- Generated by org.testng.reporters.JUnitReportReporter -->
<testsuite hostname="LAPTOP-E36DAG2Q" name="pom.TestClassFlipkartWomen" tests="1" failures="0" timestamp="6 Mar 2020 12:21:41 GMT" time="45.844" errors="0">
  <testcase name="login" time="45.844" classname="pom.TestClassFlipkartWomen"/>
</testsuite> <!-- pom.TestClassFlipkartWomen -->
