<?xml version="1.0" encoding="UTF-8"?>
<!-- Generated by org.testng.reporters.JUnitReportReporter -->
<testsuite hostname="LAPTOP-E36DAG2Q" name="synchronization.CustamizedMultiple" tests="1" failures="0" timestamp="3 Mar 2020 11:17:48 GMT" time="70.195" errors="0">
  <testcase name="login" time="70.195" classname="synchronization.CustamizedMultiple"/>
</testsuite> <!-- synchronization.CustamizedMultiple -->
