<?xml version="1.0" encoding="UTF-8"?>
<!-- Generated by org.testng.reporters.JUnitReportReporter -->
<testsuite hostname="LAPTOP-E36DAG2Q" name="pack1.FlipkartEdge" tests="1" failures="0" timestamp="25 Feb 2020 12:55:33 GMT" time="11.066" errors="0">
  <testcase name="flipkart" time="11.066" classname="pack1.FlipkartEdge"/>
</testsuite> <!-- pack1.FlipkartEdge -->
