<?xml version="1.0" encoding="UTF-8"?>
<!-- Generated by org.testng.reporters.JUnitReportReporter -->
<testsuite hostname="LAPTOP-E36DAG2Q" name="pom.TestClassFacebook" tests="1" failures="0" timestamp="4 Mar 2020 11:23:06 GMT" time="30.399" errors="0">
  <testcase name="login" time="30.399" classname="pom.TestClassFacebook"/>
</testsuite> <!-- pom.TestClassFacebook -->
