<?xml version="1.0" encoding="UTF-8"?>
<!-- Generated by org.testng.reporters.JUnitReportReporter -->
<testsuite hostname="LAPTOP-E36DAG2Q" name="pom.TestClassShopClus" tests="1" failures="0" timestamp="4 Mar 2020 14:47:51 GMT" time="49.918" errors="0">
  <testcase name="login" time="49.918" classname="pom.TestClassShopClus"/>
</testsuite> <!-- pom.TestClassShopClus -->
