<?xml version="1.0" encoding="UTF-8"?>
<!-- Generated by org.testng.reporters.JUnitReportReporter -->
<testsuite hostname="LAPTOP-E36DAG2Q" name="dataprovider.FacebookRegistration" tests="3" failures="0" timestamp="2 Mar 2020 13:17:30 GMT" time="153.302" errors="0">
  <testcase name="registerUser" time="40.784" classname="dataprovider.FacebookRegistration"/>
  <testcase name="registerUser" time="68.616" classname="dataprovider.FacebookRegistration"/>
  <testcase name="registerUser" time="43.902" classname="dataprovider.FacebookRegistration"/>
</testsuite> <!-- dataprovider.FacebookRegistration -->
