<?xml version="1.0" encoding="UTF-8"?>
<!-- Generated by org.testng.reporters.JUnitReportReporter -->
<testsuite hostname="LAPTOP-E36DAG2Q" name="regressionscripts.TestClassFlipkartWomen" tests="1" failures="0" timestamp="12 Mar 2020 10:46:06 GMT" time="61.871" errors="0">
  <testcase name="login" time="61.871" classname="regressionscripts.TestClassFlipkartWomen"/>
</testsuite> <!-- regressionscripts.TestClassFlipkartWomen -->
