<?xml version="1.0" encoding="UTF-8"?>
<!-- Generated by org.testng.reporters.JUnitReportReporter -->
<testsuite hostname="LAPTOP-E36DAG2Q" name="regressionscripts.ValidShopclusLogin" tests="1" failures="0" timestamp="13 Mar 2020 14:26:29 GMT" time="30.488" errors="0">
  <testcase name="validshopcluslogin" time="30.488" classname="regressionscripts.ValidShopclusLogin"/>
</testsuite> <!-- regressionscripts.ValidShopclusLogin -->
