<?xml version="1.0" encoding="UTF-8"?>
<!-- Generated by org.testng.reporters.JUnitReportReporter -->
<testsuite skipped="0" hostname="LAPTOP-JHCO5B84" name="regressionTestScripts.VerifyActitimeVersion" tests="2" failures="0" timestamp="2020-03-26T18:53:22 IST" time="28.773" errors="0">
  <testcase name="verifyVersion" time="12.262" classname="regressionTestScripts.VerifyActitimeVersion"/>
  <system-out>
Element found Element found  </system-out>
  <testcase name="verifyVersion" time="16.511" classname="regressionTestScripts.VerifyActitimeVersion"/>
  <system-out>
Element found Element found  </system-out>
</testsuite> <!-- regressionTestScripts.VerifyActitimeVersion -->
