<?xml version="1.0" encoding="UTF-8"?>
<!-- Generated by org.testng.reporters.JUnitReportReporter -->
<testsuite skipped="0" hostname="LAPTOP-JHCO5B84" name="regressionTestScripts.ValidLoginLogout" tests="1" failures="0" timestamp="2020-03-31T12:28:11 IST" time="13.907" errors="0">
  <testcase name="validloginlogout" time="13.907" classname="regressionTestScripts.ValidLoginLogout"/>
  <system-out>
title displayed title displayed  </system-out>
</testsuite> <!-- regressionTestScripts.ValidLoginLogout -->
